nohup: ignoring input

> backend@1.0.0 dev
> nodemon src/index.ts

[33m[nodemon] 3.1.10[39m
[33m[nodemon] to restart at any time, enter `rs`[39m
[33m[nodemon] watching path(s): *.*[39m
[33m[nodemon] watching extensions: ts,json[39m
[32m[nodemon] starting `ts-node src/index.ts`[39m
node:events:496
      throw er; // Unhandled 'error' event
      ^

Error: EBADF: bad file descriptor, read
Emitted 'error' event on ReadStream instance at:
    at emitErrorNT (node:internal/streams/destroy:170:8)
    at errorOrDestroy (node:internal/streams/destroy:239:7)
    at node:internal/fs/streams:272:9
    at FSReqCallback.wrapper [as oncomplete] (node:fs:672:5) {
  errno: -9,
  code: 'EBADF',
  syscall: 'read'
}

Node.js v22.14.0
Logo file exists at: /home/megagig/PROJECTS/MERN/acpn-ota-zone/backend/src/assets/acpn-logo.png
Serving receipts from: /home/megagig/PROJECTS/MERN/acpn-ota-zone/backend/uploads/receipts
Serving assets from: /home/megagig/PROJECTS/MERN/acpn-ota-zone/backend/src/assets
Email Service Configuration: {
  brevoApiKey: 'Set (hidden for security)',
  resendApiKey: 'Set (hidden for security)',
  gmailConfigured: true,
  sender: { name: 'ACPN Ota Zone', email: 'admin@megagigsolution.com' },
  templatesDir: '/home/megagig/PROJECTS/MERN/acpn-ota-zone/backend/src/templates'
}
(node:107301) [MONGOOSE] Warning: Duplicate schema index on {"name":1} found. This is often due to declaring an index using both "index: true" and "schema.index()". Please remove the duplicate index definition.
(Use `node --trace-warnings ...` to show where the warning was created)
Server is running on port 5000
MongoDB connected
